<?xml version="1.0" encoding="UTF-8"?>
<testsuite xmlns:xsi="http://www.w3.org/2001/XMLSchema-instance" xsi:noNamespaceSchemaLocation="https://maven.apache.org/surefire/maven-surefire-plugin/xsd/surefire-test-report-3.0.xsd" version="3.0" name="dev.longluong.sb_j17.SbJ17ApplicationTests" time="2.548" tests="1" errors="0" skipped="0" failures="0">
  <properties>
[...]
</properties>
  <testcase name="contextLoads" classname="dev.longluong.sb_j17.SbJ17ApplicationTests" time="0.756">
    <system-out><![CDATA[20:51:06.702 [main] INFO org.springframework.test.context.support.AnnotationConfigContextLoaderUtils -- Could not detect default configuration classes for test class [dev.longluong.sb_j17.SbJ17ApplicationTests]: SbJ17ApplicationTests does not declare any static, non-private, non-final, nested classes annotated with @Configuration.
20:51:06.808 [main] INFO org.springframework.boot.test.context.SpringBootTestContextBootstrapper -- Found @SpringBootConfiguration dev.longluong.sb_j17.Application for test class dev.longluong.sb_j17.SbJ17ApplicationTests

  .   ____          _            __ _ _
 /\\ / ___'_ __ _ _(_)_ __  __ _ \ \ \ \
( ( )\___ | '_ | '_| | '_ \/ _` | \ \ \ \
 \\/  ___)| |_)| | | | | || (_| |  ) ) ) )
  '  |____| .__|_| |_|_| |_\__, | / / / /
 =========|_|==============|___/=/_/_/_/

 :: Spring Boot ::                (v3.3.1)

2024-06-25T20:51:07.147+01:00  WARN 2490 --- [sb-j17] [           main] ory$DuplicateJsonObjectContextCustomizer : 

Found multiple occurrences of org.json.JSONObject on the class path:

	jar:file:/home/long/.m2/repository/org/json/json/20240303/json-20240303.jar!/org/json/JSONObject.class
	jar:file:/home/long/.m2/repository/com/vaadin/external/google/android-json/0.0.20131108.vaadin1/android-json-0.0.20131108.vaadin1.jar!/org/json/JSONObject.class

You may wish to exclude one of them to ensure predictable runtime behavior

2024-06-25T20:51:07.170+01:00  INFO 2490 --- [sb-j17] [           main] d.l.sb_j17.SbJ17ApplicationTests         : Starting SbJ17ApplicationTests using Java 18 with PID 2490 (started by long in /home/long/dev/ AWS/sb-j17)
2024-06-25T20:51:07.171+01:00  INFO 2490 --- [sb-j17] [           main] d.l.sb_j17.SbJ17ApplicationTests         : No active profile set, falling back to 1 default profile: "default"
2024-06-25T20:51:08.268+01:00  INFO 2490 --- [sb-j17] [           main] o.s.c.f.web.mvc.FunctionHandlerMapping   : FunctionCatalog: org.springframework.cloud.function.context.catalog.BeanFactoryAwareFunctionRegistry@6e03db1f
2024-06-25T20:51:08.296+01:00  INFO 2490 --- [sb-j17] [           main] d.l.sb_j17.SbJ17ApplicationTests         : Started SbJ17ApplicationTests in 1.371 seconds (process running for 2.223)
]]></system-out>
  </testcase>
</testsuite>